<?xml version="1.0" encoding="UTF-8"?>
<!-- Generated by org.testng.reporters.JUnitReportReporter -->
<testsuite hostname="INLEN8520065033" failures="0" tests="1" name="gradleproject.TestBrowser" time="4.982" errors="0" timestamp="2023-04-12T02:31:00 IST" skipped="0">
  <testcase classname="gradleproject.TestBrowser" name="LaunchChrome" time="4.982"/>
  <system-out/>
</testsuite> <!-- gradleproject.TestBrowser -->
